Start testing: Jan 13 09:29 CET
----------------------------------------------------------
1/1 Testing: SimpleTest
1/1 Test: SimpleTest
Command: "/home/iut45/Etudiants/o22203444/Documents/sensib_media/TD6/b/td"
Directory: /home/iut45/Etudiants/o22203444/Documents/sensib_media/TD6/b
"SimpleTest" start time: Jan 13 09:29 CET
Output:
----------------------------------------------------------
=== Initialisation des shaders et maillages ===
Shader compiled: /shaders/basic.vert.glsl + /shaders/basic.frag.glsl
Loading /meshes/space_shuttle2.off - Triangles: 3952
  Scale: 0.00447504 Center: (-111.769, 0, 18.796)
Shader compiled: /shaders/basic.vert.glsl + /shaders/basic.frag.glsl
Loading /meshes/space_station2.off - Triangles: 10237
  Scale: 0.0490773 Center: (0.00399995, 0.00300002, 1.495)
Shader compiled: /shaders/basic.vert.glsl + /shaders/basic.frag.glsl
Loading /meshes/milleniumfalcon.off - Triangles: 178238
  Scale: 0.00359496 Center: (0.646999, 26.5745, 140.336)
Shader compiled: /shaders/basic.vert.glsl + /shaders/basic.frag.glsl
Loading /meshes/rabbit.off - Triangles: 8100
  Scale: 6.42372 Center: (-0.0168535, 0.110119, -0.00152)
=== Affichage en cours ===
<end of output>
Test time =   1.50 sec
----------------------------------------------------------
Test Passed.
"SimpleTest" end time: Jan 13 09:29 CET
"SimpleTest" time elapsed: 00:00:01
----------------------------------------------------------

End testing: Jan 13 09:29 CET
